14:31:25: Creating resource group General
14:31:25: Creating resource group Internal
14:31:25: Creating resource group Autodetect
14:31:25: SceneManagerFactory for type 'DefaultSceneManager' registered.
14:31:25: Registering ResourceManager for type Material
14:31:25: Registering ResourceManager for type Mesh
14:31:25: Registering ResourceManager for type Skeleton
14:31:25: MovableObjectFactory for type 'ParticleSystem' registered.
14:31:25: OverlayElementFactory for type Panel registered.
14:31:25: OverlayElementFactory for type BorderPanel registered.
14:31:25: OverlayElementFactory for type TextArea registered.
14:31:25: Registering ResourceManager for type Font
14:31:25: ArchiveFactory for archive type FileSystem registered.
14:31:25: ArchiveFactory for archive type Zip registered.
14:31:25: DDS codec registering
14:31:25: FreeImage version: 3.10.0
14:31:25: This program uses FreeImage, a free, open source image library supporting all common bitmap formats. See http://freeimage.sourceforge.net for details
14:31:25: Supported formats: bmp,ico,jpg,jif,jpeg,jpe,jng,koa,iff,lbm,mng,pbm,pbm,pcd,pcx,pgm,pgm,png,ppm,ppm,ras,tga,targa,tif,tiff,wap,wbmp,wbm,psd,cut,xbm,xpm,gif,hdr,g3,sgi,exr,j2k,j2c,jp2
14:31:25: Registering ResourceManager for type HighLevelGpuProgram
14:31:25: Registering ResourceManager for type Compositor
14:31:25: MovableObjectFactory for type 'Entity' registered.
14:31:25: MovableObjectFactory for type 'Light' registered.
14:31:25: MovableObjectFactory for type 'BillboardSet' registered.
14:31:25: MovableObjectFactory for type 'ManualObject' registered.
14:31:25: MovableObjectFactory for type 'BillboardChain' registered.
14:31:25: MovableObjectFactory for type 'RibbonTrail' registered.
14:31:25: Loading library /usr/lib/OGRE/RenderSystem_GL
14:31:25: Installing plugin: GL RenderSystem
14:31:25: OpenGL Rendering Subsystem created.
14:31:25: OGRE EXCEPTION(3:RenderingAPIException): Couldn`t open X display  in GLXGLSupport::getGLDisplay at /root/ogre/ogre/RenderSystems/GL/src/GLX/OgreGLXGLSupport.cpp (line 788)
